<?xml version="1.0" encoding="UTF-8"?>
<testsuite xmlns:xsi="http://www.w3.org/2001/XMLSchema-instance" xsi:noNamespaceSchemaLocation="https://maven.apache.org/surefire/maven-surefire-plugin/xsd/surefire-test-report.xsd" name="com.example.test.DLLTest" time="0.001" tests="8" errors="0" skipped="0" failures="0">
  <properties>
[...]
</properties>
  <testcase name="clearTest" classname="com.example.test.DLLTest" time="0"/>
  <testcase name="sortedInsertTest" classname="com.example.test.DLLTest" time="0"/>
  <testcase name="searchTest" classname="com.example.test.DLLTest" time="0"/>
  <testcase name="constrTest" classname="com.example.test.DLLTest" time="0"/>
  <testcase name="insertTests" classname="com.example.test.DLLTest" time="0"/>
  <testcase name="getTest" classname="com.example.test.DLLTest" time="0"/>
  <testcase name="delTest" classname="com.example.test.DLLTest" time="0"/>
  <testcase name="sortTest" classname="com.example.test.DLLTest" time="0"/>
</testsuite>